*******************************************************
打开EasyOM SQL Tool Pro 2019-09-05 13:41:06
*******************************************************
###通过配置文件获取SQL目录### 2019-09-05 13:41:06
*******************************************************
打开EasyOM SQL Tool Pro 2019-09-05 13:42:09
*******************************************************
###通过配置文件获取SQL目录### 2019-09-05 13:42:09
###通过配置文件获取文件编码方式 gb2312 ### 2019-09-05 13:42:09
###连接数据库 username/password@ip:port/sid 失败：ORA-12154: TNS:could not resolve the connect identifier specified### 2019-09-05 13:42:11
*******************************************************
关闭EasyOM SQL Tool Pro 2019-09-05 13:42:11
*******************************************************
*******************************************************
打开EasyOM SQL Tool Pro 2019-09-19 10:38:01
*******************************************************
###通过配置文件获取SQL目录### 2019-09-19 10:38:01
###通过配置文件获取文件编码方式 gb2312 ### 2019-09-19 10:38:01
###连接数据库 username/password@ip:port/sid 失败：ORA-12154: TNS:could not resolve the connect identifier specified### 2019-09-19 10:38:04
*******************************************************
关闭EasyOM SQL Tool Pro 2019-09-19 10:38:04
*******************************************************
*******************************************************
关闭EasyOM SQL Tool Pro 2019-09-19 11:41:04
*******************************************************
