*******************************************************
打开EasyOM DataQC Report 2020-01-15 18:57:16
*******************************************************
###通过配置文件获取SQL目录### 2020-01-15 18:57:16
###通过配置文件获取文件编码方式 gb2312 ### 2020-01-15 18:57:16
###连接数据库 username/password@ip:port/sid 失败：ORA-12154: TNS:could not resolve the connect identifier specified### 2020-01-15 18:57:17
*******************************************************
关闭EasyOM DataQC Report 2020-01-15 18:57:17
*******************************************************
*******************************************************
打开EasyOM DataQC Report 2020-01-15 18:58:20
*******************************************************
###通过配置文件获取SQL目录### 2020-01-15 18:58:20
###通过配置文件获取文件编码方式 utf-8 ### 2020-01-15 18:58:20
###连接数据库 bdcdj_yc/gtis@10.9.211.118:1521/orcl 成功### 2020-01-15 18:58:21
###键入启动线程数 1 成功### 2020-01-15 18:58:21

【线程1 2020-01-15 18:58:21】SQL文件'GX5.sql'第1条SQL执行失败，报错信息为：'ascii' codec can't encode characters in position 12-20: ordinal not in range(128)
###所有SQL文件执行完毕### 2020-01-15 18:58:21
*******************************************************
关闭EasyOM DataQC Report 2020-01-15 18:58:21
*******************************************************
*******************************************************
打开EasyOM DataQC Report 2020-01-15 18:59:52
*******************************************************
###通过配置文件获取SQL目录### 2020-01-15 18:59:52
###通过配置文件获取文件编码方式 utf-8 ### 2020-01-15 18:59:52
###连接数据库 bdcdj_yc/gtis@10.9.211.118:1521/orcl 成功### 2020-01-15 18:59:53
###键入启动线程数 1 成功### 2020-01-15 18:59:53

【线程1 2020-01-15 19:00:00】SQL文件'GX5.sql'所有SQL执行成功，耗时7.72秒
###所有SQL文件执行完毕### 2020-01-15 19:00:00
*******************************************************
关闭EasyOM DataQC Report 2020-01-15 19:00:00
*******************************************************
*******************************************************
打开EasyOM DataQC Report 2020-01-15 19:02:50
*******************************************************
###通过配置文件获取SQL目录### 2020-01-15 19:02:50
###通过配置文件获取文件编码方式 utf-8 ### 2020-01-15 19:02:50
###连接数据库 bdcdj_yc/gtis@10.9.211.118:1521/orcl 成功### 2020-01-15 19:02:51
###键入启动线程数 1 成功### 2020-01-15 19:02:51

【线程1 2020-01-15 19:02:56】SQL文件'GX5.sql'所有SQL执行成功，耗时4.24秒
###所有SQL文件执行完毕### 2020-01-15 19:02:56
*******************************************************
关闭EasyOM DataQC Report 2020-01-15 19:02:56
*******************************************************
*******************************************************
打开EasyOM DataQC Report 2020-01-15 19:06:02
*******************************************************
###通过配置文件获取SQL目录### 2020-01-15 19:06:02
###通过配置文件获取文件编码方式 utf-8 ### 2020-01-15 19:06:02
###连接数据库 bdcdj_yc/gtis@10.9.211.118:1521/orcl 成功### 2020-01-15 19:06:03
###键入启动线程数 1 成功### 2020-01-15 19:06:03

【线程1 2020-01-15 19:06:07】SQL文件'GX5.sql'所有SQL执行成功，耗时4.61秒
###所有SQL文件执行完毕### 2020-01-15 19:06:07
*******************************************************
关闭EasyOM DataQC Report 2020-01-15 19:06:07
*******************************************************
*******************************************************
打开EasyOM DataQC Report 2020-01-15 19:06:56
*******************************************************
###通过配置文件获取SQL目录### 2020-01-15 19:06:56
###通过配置文件获取文件编码方式 utf-8 ### 2020-01-15 19:06:56
###连接数据库 bdcdj_yc/gtis@10.9.211.118:1521/orcl 成功### 2020-01-15 19:06:56
###键入启动线程数 1 成功### 2020-01-15 19:06:56

【线程1 2020-01-15 19:07:01】SQL文件'GX5.sql'所有SQL执行成功，耗时4.83秒
###所有SQL文件执行完毕### 2020-01-15 19:07:01
*******************************************************
关闭EasyOM DataQC Report 2020-01-15 19:07:01
*******************************************************
*******************************************************
打开EasyOM DataQC Report 2020-01-15 19:08:04
*******************************************************
###通过配置文件获取SQL目录### 2020-01-15 19:08:04
###通过配置文件获取文件编码方式 utf-8 ### 2020-01-15 19:08:04
###连接数据库 bdcdj_yc/gtis@10.9.211.118:1521/orcl 成功### 2020-01-15 19:08:05
###键入启动线程数 1 成功### 2020-01-15 19:08:05

【线程1 2020-01-15 19:08:09】SQL文件'GX5.sql'所有SQL执行成功，耗时4.37秒
###所有SQL文件执行完毕### 2020-01-15 19:08:09
*******************************************************
关闭EasyOM DataQC Report 2020-01-15 19:08:09
*******************************************************
*******************************************************
打开EasyOM DataQC Report 2020-01-15 19:08:49
*******************************************************
###通过配置文件获取SQL目录### 2020-01-15 19:08:49
###通过配置文件获取文件编码方式 utf-8 ### 2020-01-15 19:08:49
###连接数据库 bdcdj_yc/gtis@10.9.211.118:1521/orcl 成功### 2020-01-15 19:08:50
###键入启动线程数 1 成功### 2020-01-15 19:08:50

【线程1 2020-01-15 19:08:54】SQL文件'GX5.sql'所有SQL执行成功，耗时4.00秒
###所有SQL文件执行完毕### 2020-01-15 19:08:54
*******************************************************
关闭EasyOM DataQC Report 2020-01-15 19:08:54
*******************************************************
*******************************************************
打开EasyOM DataQC Report 2020-01-15 19:10:54
*******************************************************
###通过配置文件获取SQL目录### 2020-01-15 19:10:54
###通过配置文件获取文件编码方式 utf-8 ### 2020-01-15 19:10:54
###连接数据库 bdcdj_yc/gtis@10.9.211.118:1521/orcl 成功### 2020-01-15 19:10:55
###键入启动线程数 1 成功### 2020-01-15 19:10:55

【线程1 2020-01-15 19:10:59】SQL文件'GX5.sql'所有SQL执行成功，耗时4.29秒
###所有SQL文件执行完毕### 2020-01-15 19:11:00
*******************************************************
关闭EasyOM DataQC Report 2020-01-15 19:11:00
*******************************************************
*******************************************************
打开EasyOM DataQC Report 2020-01-15 19:11:46
*******************************************************
###通过配置文件获取SQL目录### 2020-01-15 19:11:46
###通过配置文件获取文件编码方式 utf-8 ### 2020-01-15 19:11:46
###连接数据库 bdcdj_yc/gtis@10.9.211.118:1521/orcl 成功### 2020-01-15 19:11:47
###键入启动线程数 1 成功### 2020-01-15 19:11:47

【线程1 2020-01-15 19:11:51】SQL文件'GX5.sql'所有SQL执行成功，耗时3.95秒
###所有SQL文件执行完毕### 2020-01-15 19:11:51
*******************************************************
关闭EasyOM DataQC Report 2020-01-15 19:11:51
*******************************************************
*******************************************************
打开EasyOM DataQC Report 2020-01-16 08:43:49
*******************************************************
###通过配置文件获取SQL目录### 2020-01-16 08:43:49
###通过配置文件获取文件编码方式 utf-8 ### 2020-01-16 08:43:49
###连接数据库 bdcdj_yc/gtis@10.9.211.118:1521/orcl 成功### 2020-01-16 08:43:50
###键入启动线程数 1 成功### 2020-01-16 08:43:50

【线程1 2020-01-16 08:44:01】SQL文件'GX5.sql'第1条SQL执行失败，报错信息为：list assignment index out of range
###所有SQL文件执行完毕### 2020-01-16 08:44:01
*******************************************************
关闭EasyOM DataQC Report 2020-01-16 08:44:01
*******************************************************
*******************************************************
打开EasyOM DataQC Report 2020-01-16 08:44:53
*******************************************************
###通过配置文件获取SQL目录### 2020-01-16 08:44:53
###通过配置文件获取文件编码方式 utf-8 ### 2020-01-16 08:44:53
###连接数据库 bdcdj_yc/gtis@10.9.211.118:1521/orcl 成功### 2020-01-16 08:44:53
###键入启动线程数 1 成功### 2020-01-16 08:44:53

【线程1 2020-01-16 08:44:58】SQL文件'GX5.sql'第1条SQL执行失败，报错信息为：list assignment index out of range
###所有SQL文件执行完毕### 2020-01-16 08:44:58
*******************************************************
关闭EasyOM DataQC Report 2020-01-16 08:44:58
*******************************************************
*******************************************************
打开EasyOM DataQC Report 2020-01-16 08:46:29
*******************************************************
###通过配置文件获取SQL目录### 2020-01-16 08:46:29
###通过配置文件获取文件编码方式 utf-8 ### 2020-01-16 08:46:29
###连接数据库 bdcdj_yc/gtis@10.9.211.118:1521/orcl 成功### 2020-01-16 08:46:30
###键入启动线程数 1 成功### 2020-01-16 08:46:30

【线程1 2020-01-16 08:46:34】SQL文件'GX5.sql'第1条SQL执行失败，报错信息为：[Errno 2] No such file or directory: 'Output/EasyOM_DataQC_Report_2020-01-16_08-46-34.html'
###所有SQL文件执行完毕### 2020-01-16 08:46:34
*******************************************************
关闭EasyOM DataQC Report 2020-01-16 08:46:34
*******************************************************
*******************************************************
打开EasyOM DataQC Report 2020-01-16 08:47:17
*******************************************************
###通过配置文件获取SQL目录### 2020-01-16 08:47:17
###通过配置文件获取文件编码方式 utf-8 ### 2020-01-16 08:47:17
###连接数据库 bdcdj_yc/gtis@10.9.211.118:1521/orcl 成功### 2020-01-16 08:47:17
###键入启动线程数 1 成功### 2020-01-16 08:47:17

【线程1 2020-01-16 08:47:23】SQL文件'GX5.sql'所有SQL执行成功，耗时5.29秒
###所有SQL文件执行完毕### 2020-01-16 08:47:23
*******************************************************
关闭EasyOM DataQC Report 2020-01-16 08:47:23
*******************************************************
